The system is: Darwin - 15.6.0 - x86_64
Compiling the C compiler identification source file "CMakeCCompilerId.c" succeeded.
Compiler: /Applications/Xcode.app/Contents/Developer/Toolchains/XcodeDefault.xctoolchain/usr/bin/cc 
Build flags: 
Id flags: 

The output was:
0


Compilation of the C compiler identification source "CMakeCCompilerId.c" produced "a.out"

The C compiler identification is AppleClang, found in "/Users/zh.c/Documents/Code/CPP/json-tutorial/tutorial04/images/CMakeFiles/3.6.3/CompilerIdC/a.out"

Determining if the C compiler works passed with the following output:
Change Dir: /Users/zh.c/Documents/Code/CPP/json-tutorial/tutorial04/images/CMakeFiles/CMakeTmp

Run Build Command:"/usr/bin/make" "cmTC_80fd4/fast"
/Applications/Xcode.app/Contents/Developer/usr/bin/make -f CMakeFiles/cmTC_80fd4.dir/build.make CMakeFiles/cmTC_80fd4.dir/build
Building C object CMakeFiles/cmTC_80fd4.dir/testCCompiler.c.o
/Applications/Xcode.app/Contents/Developer/Toolchains/XcodeDefault.xctoolchain/usr/bin/cc     -o CMakeFiles/cmTC_80fd4.dir/testCCompiler.c.o   -c /Users/zh.c/Documents/Code/CPP/json-tutorial/tutorial04/images/CMakeFiles/CMakeTmp/testCCompiler.c
Linking C executable cmTC_80fd4
/usr/local/Cellar/cmake/3.6.3/bin/cmake -E cmake_link_script CMakeFiles/cmTC_80fd4.dir/link.txt --verbose=1
/Applications/Xcode.app/Contents/Developer/Toolchains/XcodeDefault.xctoolchain/usr/bin/cc    -Wl,-search_paths_first -Wl,-headerpad_max_install_names   CMakeFiles/cmTC_80fd4.dir/testCCompiler.c.o  -o cmTC_80fd4  


Detecting C compiler ABI info compiled with the following output:
Change Dir: /Users/zh.c/Documents/Code/CPP/json-tutorial/tutorial04/images/CMakeFiles/CMakeTmp

Run Build Command:"/usr/bin/make" "cmTC_61c53/fast"
/Applications/Xcode.app/Contents/Developer/usr/bin/make -f CMakeFiles/cmTC_61c53.dir/build.make CMakeFiles/cmTC_61c53.dir/build
Building C object CMakeFiles/cmTC_61c53.dir/CMakeCCompilerABI.c.o
/Applications/Xcode.app/Contents/Developer/Toolchains/XcodeDefault.xctoolchain/usr/bin/cc     -o CMakeFiles/cmTC_61c53.dir/CMakeCCompilerABI.c.o   -c /usr/local/Cellar/cmake/3.6.3/share/cmake/Modules/CMakeCCompilerABI.c
Linking C executable cmTC_61c53
/usr/local/Cellar/cmake/3.6.3/bin/cmake -E cmake_link_script CMakeFiles/cmTC_61c53.dir/link.txt --verbose=1
/Applications/Xcode.app/Contents/Developer/Toolchains/XcodeDefault.xctoolchain/usr/bin/cc    -Wl,-search_paths_first -Wl,-headerpad_max_install_names  -v -Wl,-v CMakeFiles/cmTC_61c53.dir/CMakeCCompilerABI.c.o  -o cmTC_61c53   
Apple LLVM version 8.0.0 (clang-800.0.38)
Target: x86_64-apple-darwin15.6.0
Thread model: posix
InstalledDir: /Applications/Xcode.app/Contents/Developer/Toolchains/XcodeDefault.xctoolchain/usr/bin
 "/Applications/Xcode.app/Contents/Developer/Toolchains/XcodeDefault.xctoolchain/usr/bin/ld" -demangle -dynamic -arch x86_64 -macosx_version_min 10.11.0 -o cmTC_61c53 -search_paths_first -headerpad_max_install_names -v CMakeFiles/cmTC_61c53.dir/CMakeCCompilerABI.c.o -lSystem /Applications/Xcode.app/Contents/Developer/Toolchains/XcodeDefault.xctoolchain/usr/bin/../lib/clang/8.0.0/lib/darwin/libclang_rt.osx.a
@(#)PROGRAM:ld  PROJECT:ld64-274.1
configured to support archs: armv6 armv7 armv7s arm64 i386 x86_64 x86_64h armv6m armv7k armv7m armv7em (tvOS)
Library search paths:
	/usr/lib
	/usr/local/lib
Framework search paths:
	/Library/Frameworks/
	/System/Library/Frameworks/


Parsed C implicit link information from above output:
  link line regex: [^( *|.*[/\])(ld|([^/\]+-)?ld|collect2)[^/\]*( |$)]
  ignore line: [Change Dir: /Users/zh.c/Documents/Code/CPP/json-tutorial/tutorial04/images/CMakeFiles/CMakeTmp]
  ignore line: []
  ignore line: [Run Build Command:"/usr/bin/make" "cmTC_61c53/fast"]
  ignore line: [/Applications/Xcode.app/Contents/Developer/usr/bin/make -f CMakeFiles/cmTC_61c53.dir/build.make CMakeFiles/cmTC_61c53.dir/build]
  ignore line: [Building C object CMakeFiles/cmTC_61c53.dir/CMakeCCompilerABI.c.o]
  ignore line: [/Applications/Xcode.app/Contents/Developer/Toolchains/XcodeDefault.xctoolchain/usr/bin/cc     -o CMakeFiles/cmTC_61c53.dir/CMakeCCompilerABI.c.o   -c /usr/local/Cellar/cmake/3.6.3/share/cmake/Modules/CMakeCCompilerABI.c]
  ignore line: [Linking C executable cmTC_61c53]
  ignore line: [/usr/local/Cellar/cmake/3.6.3/bin/cmake -E cmake_link_script CMakeFiles/cmTC_61c53.dir/link.txt --verbose=1]
  ignore line: [/Applications/Xcode.app/Contents/Developer/Toolchains/XcodeDefault.xctoolchain/usr/bin/cc    -Wl,-search_paths_first -Wl,-headerpad_max_install_names  -v -Wl,-v CMakeFiles/cmTC_61c53.dir/CMakeCCompilerABI.c.o  -o cmTC_61c53   ]
  ignore line: [Apple LLVM version 8.0.0 (clang-800.0.38)]
  ignore line: [Target: x86_64-apple-darwin15.6.0]
  ignore line: [Thread model: posix]
  ignore line: [InstalledDir: /Applications/Xcode.app/Contents/Developer/Toolchains/XcodeDefault.xctoolchain/usr/bin]
  link line: [ "/Applications/Xcode.app/Contents/Developer/Toolchains/XcodeDefault.xctoolchain/usr/bin/ld" -demangle -dynamic -arch x86_64 -macosx_version_min 10.11.0 -o cmTC_61c53 -search_paths_first -headerpad_max_install_names -v CMakeFiles/cmTC_61c53.dir/CMakeCCompilerABI.c.o -lSystem /Applications/Xcode.app/Contents/Developer/Toolchains/XcodeDefault.xctoolchain/usr/bin/../lib/clang/8.0.0/lib/darwin/libclang_rt.osx.a]
    arg [/Applications/Xcode.app/Contents/Developer/Toolchains/XcodeDefault.xctoolchain/usr/bin/ld] ==> ignore
    arg [-demangle] ==> ignore
    arg [-dynamic] ==> ignore
    arg [-arch] ==> ignore
    arg [x86_64] ==> ignore
    arg [-macosx_version_min] ==> ignore
    arg [10.11.0] ==> ignore
    arg [-o] ==> ignore
    arg [cmTC_61c53] ==> ignore
    arg [-search_paths_first] ==> ignore
    arg [-headerpad_max_install_names] ==> ignore
    arg [-v] ==> ignore
    arg [CMakeFiles/cmTC_61c53.dir/CMakeCCompilerABI.c.o] ==> ignore
    arg [-lSystem] ==> lib [System]
    arg [/Applications/Xcode.app/Contents/Developer/Toolchains/XcodeDefault.xctoolchain/usr/bin/../lib/clang/8.0.0/lib/darwin/libclang_rt.osx.a] ==> lib [/Applications/Xcode.app/Contents/Developer/Toolchains/XcodeDefault.xctoolchain/usr/bin/../lib/clang/8.0.0/lib/darwin/libclang_rt.osx.a]
  Library search paths: [;/usr/lib;/usr/local/lib]
  Framework search paths: [;/Library/Frameworks/;/System/Library/Frameworks/]
  remove lib [System]
  collapse lib [/Applications/Xcode.app/Contents/Developer/Toolchains/XcodeDefault.xctoolchain/usr/bin/../lib/clang/8.0.0/lib/darwin/libclang_rt.osx.a] ==> [/Applications/Xcode.app/Contents/Developer/Toolchains/XcodeDefault.xctoolchain/usr/lib/clang/8.0.0/lib/darwin/libclang_rt.osx.a]
  collapse library dir [/usr/lib] ==> [/usr/lib]
  collapse library dir [/usr/local/lib] ==> [/usr/local/lib]
  collapse framework dir [/Library/Frameworks/] ==> [/Library/Frameworks]
  collapse framework dir [/System/Library/Frameworks/] ==> [/System/Library/Frameworks]
  implicit libs: [/Applications/Xcode.app/Contents/Developer/Toolchains/XcodeDefault.xctoolchain/usr/lib/clang/8.0.0/lib/darwin/libclang_rt.osx.a]
  implicit dirs: [/usr/lib;/usr/local/lib]
  implicit fwks: [/Library/Frameworks;/System/Library/Frameworks]




Detecting C [-std=c11] compiler features compiled with the following output:
Change Dir: /Users/zh.c/Documents/Code/CPP/json-tutorial/tutorial04/images/CMakeFiles/CMakeTmp

Run Build Command:"/usr/bin/make" "cmTC_5f581/fast"
/Applications/Xcode.app/Contents/Developer/usr/bin/make -f CMakeFiles/cmTC_5f581.dir/build.make CMakeFiles/cmTC_5f581.dir/build
Building C object CMakeFiles/cmTC_5f581.dir/feature_tests.c.o
/Applications/Xcode.app/Contents/Developer/Toolchains/XcodeDefault.xctoolchain/usr/bin/cc    -std=c11 -o CMakeFiles/cmTC_5f581.dir/feature_tests.c.o   -c /Users/zh.c/Documents/Code/CPP/json-tutorial/tutorial04/images/CMakeFiles/feature_tests.c
Linking C executable cmTC_5f581
/usr/local/Cellar/cmake/3.6.3/bin/cmake -E cmake_link_script CMakeFiles/cmTC_5f581.dir/link.txt --verbose=1
/Applications/Xcode.app/Contents/Developer/Toolchains/XcodeDefault.xctoolchain/usr/bin/cc    -Wl,-search_paths_first -Wl,-headerpad_max_install_names   CMakeFiles/cmTC_5f581.dir/feature_tests.c.o  -o cmTC_5f581  


    Feature record: C_FEATURE:1c_function_prototypes
    Feature record: C_FEATURE:1c_restrict
    Feature record: C_FEATURE:1c_static_assert
    Feature record: C_FEATURE:1c_variadic_macros


Detecting C [-std=c99] compiler features compiled with the following output:
Change Dir: /Users/zh.c/Documents/Code/CPP/json-tutorial/tutorial04/images/CMakeFiles/CMakeTmp

Run Build Command:"/usr/bin/make" "cmTC_1a5cf/fast"
/Applications/Xcode.app/Contents/Developer/usr/bin/make -f CMakeFiles/cmTC_1a5cf.dir/build.make CMakeFiles/cmTC_1a5cf.dir/build
Building C object CMakeFiles/cmTC_1a5cf.dir/feature_tests.c.o
/Applications/Xcode.app/Contents/Developer/Toolchains/XcodeDefault.xctoolchain/usr/bin/cc    -std=c99 -o CMakeFiles/cmTC_1a5cf.dir/feature_tests.c.o   -c /Users/zh.c/Documents/Code/CPP/json-tutorial/tutorial04/images/CMakeFiles/feature_tests.c
Linking C executable cmTC_1a5cf
/usr/local/Cellar/cmake/3.6.3/bin/cmake -E cmake_link_script CMakeFiles/cmTC_1a5cf.dir/link.txt --verbose=1
/Applications/Xcode.app/Contents/Developer/Toolchains/XcodeDefault.xctoolchain/usr/bin/cc    -Wl,-search_paths_first -Wl,-headerpad_max_install_names   CMakeFiles/cmTC_1a5cf.dir/feature_tests.c.o  -o cmTC_1a5cf  


    Feature record: C_FEATURE:1c_function_prototypes
    Feature record: C_FEATURE:1c_restrict
    Feature record: C_FEATURE:0c_static_assert
    Feature record: C_FEATURE:1c_variadic_macros


Detecting C [-std=c90] compiler features compiled with the following output:
Change Dir: /Users/zh.c/Documents/Code/CPP/json-tutorial/tutorial04/images/CMakeFiles/CMakeTmp

Run Build Command:"/usr/bin/make" "cmTC_9cb29/fast"
/Applications/Xcode.app/Contents/Developer/usr/bin/make -f CMakeFiles/cmTC_9cb29.dir/build.make CMakeFiles/cmTC_9cb29.dir/build
Building C object CMakeFiles/cmTC_9cb29.dir/feature_tests.c.o
/Applications/Xcode.app/Contents/Developer/Toolchains/XcodeDefault.xctoolchain/usr/bin/cc    -std=c90 -o CMakeFiles/cmTC_9cb29.dir/feature_tests.c.o   -c /Users/zh.c/Documents/Code/CPP/json-tutorial/tutorial04/images/CMakeFiles/feature_tests.c
Linking C executable cmTC_9cb29
/usr/local/Cellar/cmake/3.6.3/bin/cmake -E cmake_link_script CMakeFiles/cmTC_9cb29.dir/link.txt --verbose=1
/Applications/Xcode.app/Contents/Developer/Toolchains/XcodeDefault.xctoolchain/usr/bin/cc    -Wl,-search_paths_first -Wl,-headerpad_max_install_names   CMakeFiles/cmTC_9cb29.dir/feature_tests.c.o  -o cmTC_9cb29  


    Feature record: C_FEATURE:1c_function_prototypes
    Feature record: C_FEATURE:0c_restrict
    Feature record: C_FEATURE:0c_static_assert
    Feature record: C_FEATURE:0c_variadic_macros
